<?xml version="1.0" encoding="UTF-8"?>
<coverage generated="1599775362876" clover="3.2.0">
  <project timestamp="1599775362876" name="All files">
    <metrics statements="10" coveredstatements="10" conditionals="0" coveredconditionals="0" methods="6" coveredmethods="6" elements="16" coveredelements="16" complexity="0" loc="10" ncloc="10" packages="1" files="1" classes="1"/>
    <file name="main.js" path="/Users/caio/dev/caio/js/styled-media/src/main.js">
      <metrics statements="10" coveredstatements="10" conditionals="0" coveredconditionals="0" methods="6" coveredmethods="6"/>
      <line num="1" count="1" type="stmt"/>
      <line num="11" count="5" type="stmt"/>
      <line num="12" count="2" type="stmt"/>
      <line num="17" count="5" type="stmt"/>
      <line num="20" count="5" type="stmt"/>
      <line num="21" count="1" type="stmt"/>
      <line num="26" count="5" type="stmt"/>
      <line num="29" count="5" type="stmt"/>
      <line num="30" count="1" type="stmt"/>
      <line num="35" count="5" type="stmt"/>
    </file>
  </project>
</coverage>
