{"/Users/caio/dev/caio/js/styled-media/src/main.js": {"path":"/Users/caio/dev/caio/js/styled-media/src/main.js","statementMap":{"0":{"start":{"line":1,"column":20},"end":{"line":7,"column":1}},"1":{"start":{"line":11,"column":4},"end":{"line":16,"column":24}},"2":{"start":{"line":12,"column":6},"end":{"line":16,"column":24}},"3":{"start":{"line":17,"column":4},"end":{"line":17,"column":14}},"4":{"start":{"line":20,"column":4},"end":{"line":25,"column":24}},"5":{"start":{"line":21,"column":6},"end":{"line":25,"column":24}},"6":{"start":{"line":26,"column":4},"end":{"line":26,"column":14}},"7":{"start":{"line":29,"column":4},"end":{"line":34,"column":24}},"8":{"start":{"line":30,"column":6},"end":{"line":34,"column":24}},"9":{"start":{"line":35,"column":4},"end":{"line":35,"column":14}}},"fnMap":{"0":{"name":"(anonymous_0)","decl":{"start":{"line":10,"column":44},"end":{"line":10,"column":45}},"loc":{"start":{"line":10,"column":60},"end":{"line":18,"column":3}},"line":10},"1":{"name":"(anonymous_1)","decl":{"start":{"line":11,"column":17},"end":{"line":11,"column":18}},"loc":{"start":{"line":12,"column":6},"end":{"line":16,"column":24}},"line":12},"2":{"name":"(anonymous_2)","decl":{"start":{"line":19,"column":47},"end":{"line":19,"column":48}},"loc":{"start":{"line":19,"column":63},"end":{"line":27,"column":3}},"line":19},"3":{"name":"(anonymous_3)","decl":{"start":{"line":20,"column":17},"end":{"line":20,"column":18}},"loc":{"start":{"line":21,"column":6},"end":{"line":25,"column":24}},"line":21},"4":{"name":"(anonymous_4)","decl":{"start":{"line":28,"column":43},"end":{"line":28,"column":44}},"loc":{"start":{"line":28,"column":59},"end":{"line":36,"column":3}},"line":28},"5":{"name":"(anonymous_5)","decl":{"start":{"line":29,"column":17},"end":{"line":29,"column":18}},"loc":{"start":{"line":30,"column":6},"end":{"line":34,"column":24}},"line":30}},"branchMap":{},"s":{"0":1,"1":5,"2":2,"3":5,"4":5,"5":1,"6":5,"7":5,"8":1,"9":5},"f":{"0":5,"1":2,"2":5,"3":1,"4":5,"5":1},"b":{},"_coverageSchema":"1a1c01bbd47fc00a2c39e90264f33305004495a9","hash":"919da79f6fb5ff9c53084aacc0465ac65312e4d6"}
}
